32894526 reads; of these:
  32894526 (100.00%) were paired; of these:
    1618136 (4.92%) aligned concordantly 0 times
    29488590 (89.65%) aligned concordantly exactly 1 time
    1787800 (5.43%) aligned concordantly >1 times
    ----
    1618136 pairs aligned concordantly 0 times; of these:
      36890 (2.28%) aligned discordantly 1 time
    ----
    1581246 pairs aligned 0 times concordantly or discordantly; of these:
      3162492 mates make up the pairs; of these:
        1732040 (54.77%) aligned 0 times
        1232510 (38.97%) aligned exactly 1 time
        197942 (6.26%) aligned >1 times
97.37% overall alignment rate
32840352 reads; of these:
  32840352 (100.00%) were paired; of these:
    1637234 (4.99%) aligned concordantly 0 times
    29530418 (89.92%) aligned concordantly exactly 1 time
    1672700 (5.09%) aligned concordantly >1 times
    ----
    1637234 pairs aligned concordantly 0 times; of these:
      43590 (2.66%) aligned discordantly 1 time
    ----
    1593644 pairs aligned 0 times concordantly or discordantly; of these:
      3187288 mates make up the pairs; of these:
        1758651 (55.18%) aligned 0 times
        1257109 (39.44%) aligned exactly 1 time
        171528 (5.38%) aligned >1 times
97.32% overall alignment rate
33414876 reads; of these:
  33414876 (100.00%) were paired; of these:
    1564941 (4.68%) aligned concordantly 0 times
    30111690 (90.11%) aligned concordantly exactly 1 time
    1738245 (5.20%) aligned concordantly >1 times
    ----
    1564941 pairs aligned concordantly 0 times; of these:
      45326 (2.90%) aligned discordantly 1 time
    ----
    1519615 pairs aligned 0 times concordantly or discordantly; of these:
      3039230 mates make up the pairs; of these:
        1686951 (55.51%) aligned 0 times
        1182411 (38.90%) aligned exactly 1 time
        169868 (5.59%) aligned >1 times
97.48% overall alignment rate
33442327 reads; of these:
  33442327 (100.00%) were paired; of these:
    1534004 (4.59%) aligned concordantly 0 times
    30200063 (90.30%) aligned concordantly exactly 1 time
    1708260 (5.11%) aligned concordantly >1 times
    ----
    1534004 pairs aligned concordantly 0 times; of these:
      57982 (3.78%) aligned discordantly 1 time
    ----
    1476022 pairs aligned 0 times concordantly or discordantly; of these:
      2952044 mates make up the pairs; of these:
        1605151 (54.37%) aligned 0 times
        1167785 (39.56%) aligned exactly 1 time
        179108 (6.07%) aligned >1 times
97.60% overall alignment rate
33745478 reads; of these:
  33745478 (100.00%) were paired; of these:
    1490018 (4.42%) aligned concordantly 0 times
    30559583 (90.56%) aligned concordantly exactly 1 time
    1695877 (5.03%) aligned concordantly >1 times
    ----
    1490018 pairs aligned concordantly 0 times; of these:
      42878 (2.88%) aligned discordantly 1 time
    ----
    1447140 pairs aligned 0 times concordantly or discordantly; of these:
      2894280 mates make up the pairs; of these:
        1585584 (54.78%) aligned 0 times
        1145427 (39.58%) aligned exactly 1 time
        163269 (5.64%) aligned >1 times
97.65% overall alignment rate
35438437 reads; of these:
  35438437 (100.00%) were paired; of these:
    1776781 (5.01%) aligned concordantly 0 times
    31920585 (90.07%) aligned concordantly exactly 1 time
    1741071 (4.91%) aligned concordantly >1 times
    ----
    1776781 pairs aligned concordantly 0 times; of these:
      48681 (2.74%) aligned discordantly 1 time
    ----
    1728100 pairs aligned 0 times concordantly or discordantly; of these:
      3456200 mates make up the pairs; of these:
        1870875 (54.13%) aligned 0 times
        1396761 (40.41%) aligned exactly 1 time
        188564 (5.46%) aligned >1 times
97.36% overall alignment rate
